<?xml version="1.0" encoding="UTF-8"?>
<!-- Generated by org.testng.reporters.JUnitXMLReporter -->
<testsuite hostname="hydws72764" ignored="0" name="Default test" tests="12" failures="0" timestamp="12 Feb 2019 08:20:48 GMT" time="0.045" errors="0">
  <testcase name="div" time="0.008" classname="com.qa.tests.DemoTest"/>
  <testcase name="multi" time="0.001" classname="com.qa.tests.DemoTest"/>
  <testcase name="substraction" time="0.001" classname="com.qa.tests.DemoTest"/>
  <testcase name="sum" time="0.001" classname="com.qa.tests.DemoTest"/>
  <testcase name="div" time="0.001" classname="com.qa.tests.DemoTest1"/>
  <testcase name="multi" time="0.001" classname="com.qa.tests.DemoTest1"/>
  <testcase name="substraction" time="0.001" classname="com.qa.tests.DemoTest1"/>
  <testcase name="sum" time="0.001" classname="com.qa.tests.DemoTest1"/>
  <testcase name="div" time="0.001" classname="com.qa.tests.DemoTest2"/>
  <testcase name="multi" time="0.001" classname="com.qa.tests.DemoTest2"/>
  <testcase name="substraction" time="0.001" classname="com.qa.tests.DemoTest2"/>
  <testcase name="sum" time="0.002" classname="com.qa.tests.DemoTest2"/>
</testsuite> <!-- Default test -->
