<?xml version="1.0" encoding="UTF-8"?>
<testng-results skipped="0" failed="0" ignored="0" total="12" passed="12">
  <reporter-output>
  </reporter-output>
  <suite name="Default suite" duration-ms="45" started-at="2019-02-12T08:20:48Z" finished-at="2019-02-12T08:20:48Z">
    <groups>
    </groups>
    <test name="Default test" duration-ms="45" started-at="2019-02-12T08:20:48Z" finished-at="2019-02-12T08:20:48Z">
      <class name="com.qa.tests.DemoTest">
        <test-method status="PASS" signature="div()[pri:0, instance:com.qa.tests.DemoTest@d2cc05a]" name="div" duration-ms="8" started-at="2019-02-12T13:50:48Z" finished-at="2019-02-12T13:50:48Z">
          <reporter-output>
          </reporter-output>
        </test-method> <!-- div -->
        <test-method status="PASS" signature="multi()[pri:0, instance:com.qa.tests.DemoTest@d2cc05a]" name="multi" duration-ms="1" started-at="2019-02-12T13:50:48Z" finished-at="2019-02-12T13:50:48Z">
          <reporter-output>
          </reporter-output>
        </test-method> <!-- multi -->
        <test-method status="PASS" signature="substraction()[pri:0, instance:com.qa.tests.DemoTest@d2cc05a]" name="substraction" duration-ms="1" started-at="2019-02-12T13:50:48Z" finished-at="2019-02-12T13:50:48Z">
          <reporter-output>
          </reporter-output>
        </test-method> <!-- substraction -->
        <test-method status="PASS" signature="sum()[pri:0, instance:com.qa.tests.DemoTest@d2cc05a]" name="sum" duration-ms="1" started-at="2019-02-12T13:50:48Z" finished-at="2019-02-12T13:50:48Z">
          <reporter-output>
          </reporter-output>
        </test-method> <!-- sum -->
      </class> <!-- com.qa.tests.DemoTest -->
      <class name="com.qa.tests.DemoTest1">
        <test-method status="PASS" signature="div()[pri:0, instance:com.qa.tests.DemoTest1@1753acfe]" name="div" duration-ms="1" started-at="2019-02-12T13:50:48Z" finished-at="2019-02-12T13:50:48Z">
          <reporter-output>
          </reporter-output>
        </test-method> <!-- div -->
        <test-method status="PASS" signature="multi()[pri:0, instance:com.qa.tests.DemoTest1@1753acfe]" name="multi" duration-ms="1" started-at="2019-02-12T13:50:48Z" finished-at="2019-02-12T13:50:48Z">
          <reporter-output>
          </reporter-output>
        </test-method> <!-- multi -->
        <test-method status="PASS" signature="substraction()[pri:0, instance:com.qa.tests.DemoTest1@1753acfe]" name="substraction" duration-ms="1" started-at="2019-02-12T13:50:48Z" finished-at="2019-02-12T13:50:48Z">
          <reporter-output>
          </reporter-output>
        </test-method> <!-- substraction -->
        <test-method status="PASS" signature="sum()[pri:0, instance:com.qa.tests.DemoTest1@1753acfe]" name="sum" duration-ms="1" started-at="2019-02-12T13:50:48Z" finished-at="2019-02-12T13:50:48Z">
          <reporter-output>
          </reporter-output>
        </test-method> <!-- sum -->
      </class> <!-- com.qa.tests.DemoTest1 -->
      <class name="com.qa.tests.DemoTest2">
        <test-method status="PASS" signature="div()[pri:0, instance:com.qa.tests.DemoTest2@7c16905e]" name="div" duration-ms="1" started-at="2019-02-12T13:50:48Z" finished-at="2019-02-12T13:50:48Z">
          <reporter-output>
          </reporter-output>
        </test-method> <!-- div -->
        <test-method status="PASS" signature="multi()[pri:0, instance:com.qa.tests.DemoTest2@7c16905e]" name="multi" duration-ms="1" started-at="2019-02-12T13:50:48Z" finished-at="2019-02-12T13:50:48Z">
          <reporter-output>
          </reporter-output>
        </test-method> <!-- multi -->
        <test-method status="PASS" signature="substraction()[pri:0, instance:com.qa.tests.DemoTest2@7c16905e]" name="substraction" duration-ms="1" started-at="2019-02-12T13:50:48Z" finished-at="2019-02-12T13:50:48Z">
          <reporter-output>
          </reporter-output>
        </test-method> <!-- substraction -->
        <test-method status="PASS" signature="sum()[pri:0, instance:com.qa.tests.DemoTest2@7c16905e]" name="sum" duration-ms="2" started-at="2019-02-12T13:50:48Z" finished-at="2019-02-12T13:50:48Z">
          <reporter-output>
          </reporter-output>
        </test-method> <!-- sum -->
      </class> <!-- com.qa.tests.DemoTest2 -->
    </test> <!-- Default test -->
  </suite> <!-- Default suite -->
</testng-results>
